<?xml version="1.0" encoding="UTF-8"?>
<testng-results ignored="0" total="1" passed="1" failed="0" skipped="0">
  <reporter-output>
  </reporter-output>
  <suite started-at="2021-04-26T19:00:05 IST" name="Default suite" finished-at="2021-04-26T19:02:48 IST" duration-ms="162501">
    <groups>
    </groups>
    <test started-at="2021-04-26T19:00:05 IST" name="Default test" finished-at="2021-04-26T19:02:48 IST" duration-ms="162501">
      <class name="com.dqp.testcases.EditJobsTestPage">
        <test-method is-config="true" signature="setup()[pri:0, instance:com.dqp.testcases.EditJobsTestPage@2dde1bff]" started-at="2021-04-26T19:00:05 IST" name="setup" finished-at="2021-04-26T19:01:05 IST" duration-ms="59523" status="PASS">
          <reporter-output>
          </reporter-output>
        </test-method> <!-- setup -->
        <test-method signature="verifyJobData()[pri:0, instance:com.dqp.testcases.EditJobsTestPage@2dde1bff]" started-at="2021-04-26T19:01:05 IST" name="verifyJobData" finished-at="2021-04-26T19:02:47 IST" duration-ms="102125" status="PASS">
          <reporter-output>
          </reporter-output>
        </test-method> <!-- verifyJobData -->
        <test-method is-config="true" signature="closeBrowser()[pri:0, instance:com.dqp.testcases.EditJobsTestPage@2dde1bff]" started-at="2021-04-26T19:02:47 IST" name="closeBrowser" finished-at="2021-04-26T19:02:48 IST" duration-ms="807" status="PASS">
          <reporter-output>
          </reporter-output>
        </test-method> <!-- closeBrowser -->
      </class> <!-- com.dqp.testcases.EditJobsTestPage -->
    </test> <!-- Default test -->
  </suite> <!-- Default suite -->
</testng-results>
