<?xml version="1.0" encoding="UTF-8"?>
<testng-results ignored="0" total="1" passed="1" failed="0" skipped="0">
  <reporter-output>
  </reporter-output>
  <suite started-at="2021-05-27T22:09:46 IST" name="Default suite" finished-at="2021-05-27T22:13:25 IST" duration-ms="218606">
    <groups>
    </groups>
    <test started-at="2021-05-27T22:09:46 IST" name="Default test" finished-at="2021-05-27T22:13:25 IST" duration-ms="218606">
      <class name="com.dqp.testcases.CreateMeasureTestPage">
        <test-method is-config="true" signature="setup()[pri:0, instance:com.dqp.testcases.CreateMeasureTestPage@2dde1bff]" started-at="2021-05-27T22:09:46 IST" name="setup" finished-at="2021-05-27T22:10:46 IST" duration-ms="60073" status="PASS">
          <reporter-output>
          </reporter-output>
        </test-method> <!-- setup -->
        <test-method signature="verifyMesureData()[pri:0, instance:com.dqp.testcases.CreateMeasureTestPage@2dde1bff]" started-at="2021-05-27T22:10:46 IST" name="verifyMesureData" finished-at="2021-05-27T22:13:24 IST" duration-ms="157766" status="PASS">
          <reporter-output>
          </reporter-output>
        </test-method> <!-- verifyMesureData -->
        <test-method is-config="true" signature="closeBrowser()[pri:0, instance:com.dqp.testcases.CreateMeasureTestPage@2dde1bff]" started-at="2021-05-27T22:13:24 IST" name="closeBrowser" finished-at="2021-05-27T22:13:25 IST" duration-ms="717" status="PASS">
          <reporter-output>
          </reporter-output>
        </test-method> <!-- closeBrowser -->
      </class> <!-- com.dqp.testcases.CreateMeasureTestPage -->
    </test> <!-- Default test -->
  </suite> <!-- Default suite -->
</testng-results>
